2026-01-26T19:16:48.164+05:30  INFO 5785 --- [friendly_ecommerce] [restartedMain] c.l.f.FriendlyEcommerceApplication       : Starting FriendlyEcommerceApplication using Java 21.0.8 with PID 5785 (/home/admin123/Java_WorkPlace/FriendlyEcommerceApplication/friendly_ecommerce/target/classes started by admin123 in /home/admin123/Java_WorkPlace/FriendlyEcommerceApplication/friendly_ecommerce)
2026-01-26T19:16:48.167+05:30  INFO 5785 --- [friendly_ecommerce] [restartedMain] c.l.f.FriendlyEcommerceApplication       : The following 1 profile is active: "local"
2026-01-26T19:16:48.212+05:30  INFO 5785 --- [friendly_ecommerce] [restartedMain] .e.DevToolsPropertyDefaultsPostProcessor : Devtools property defaults active! Set 'spring.devtools.add-properties' to 'false' to disable
2026-01-26T19:16:48.212+05:30  INFO 5785 --- [friendly_ecommerce] [restartedMain] .e.DevToolsPropertyDefaultsPostProcessor : For additional web related logging consider setting the 'logging.level.web' property to 'DEBUG'
2026-01-26T19:16:48.225+05:30  INFO 5785 --- [friendly_ecommerce] [restartedMain] .s.b.d.c.l.DockerComposeLifecycleManager : Using Docker Compose file /home/admin123/Java_WorkPlace/FriendlyEcommerceApplication/friendly_ecommerce/compose.yaml
2026-01-26T19:16:49.012+05:30  INFO 5785 --- [friendly_ecommerce] [OutputReader-stderr] o.s.boot.docker.compose.core.DockerCli   :  Container elasticsearch  Starting
2026-01-26T19:16:49.013+05:30  INFO 5785 --- [friendly_ecommerce] [OutputReader-stderr] o.s.boot.docker.compose.core.DockerCli   :  Container friendly_ecommerce-mysql-1  Starting
2026-01-26T19:16:49.013+05:30  INFO 5785 --- [friendly_ecommerce] [OutputReader-stderr] o.s.boot.docker.compose.core.DockerCli   :  Container sonarqube  Starting
2026-01-26T19:16:49.498+05:30  INFO 5785 --- [friendly_ecommerce] [OutputReader-stderr] o.s.boot.docker.compose.core.DockerCli   :  Container elasticsearch  Started
2026-01-26T19:16:49.499+05:30  INFO 5785 --- [friendly_ecommerce] [OutputReader-stderr] o.s.boot.docker.compose.core.DockerCli   :  Container logstash  Starting
2026-01-26T19:16:49.499+05:30  INFO 5785 --- [friendly_ecommerce] [OutputReader-stderr] o.s.boot.docker.compose.core.DockerCli   :  Container kibana  Starting
2026-01-26T19:16:49.544+05:30  INFO 5785 --- [friendly_ecommerce] [OutputReader-stderr] o.s.boot.docker.compose.core.DockerCli   :  Container sonarqube  Started
2026-01-26T19:16:49.596+05:30  INFO 5785 --- [friendly_ecommerce] [OutputReader-stderr] o.s.boot.docker.compose.core.DockerCli   :  Container friendly_ecommerce-mysql-1  Started
2026-01-26T19:16:49.813+05:30  INFO 5785 --- [friendly_ecommerce] [OutputReader-stderr] o.s.boot.docker.compose.core.DockerCli   :  Container logstash  Started
2026-01-26T19:16:49.849+05:30  INFO 5785 --- [friendly_ecommerce] [OutputReader-stderr] o.s.boot.docker.compose.core.DockerCli   :  Container kibana  Started
2026-01-26T19:16:49.849+05:30  INFO 5785 --- [friendly_ecommerce] [OutputReader-stderr] o.s.boot.docker.compose.core.DockerCli   :  Container friendly_ecommerce-mysql-1  Waiting
2026-01-26T19:16:49.850+05:30  INFO 5785 --- [friendly_ecommerce] [OutputReader-stderr] o.s.boot.docker.compose.core.DockerCli   :  Container sonarqube  Waiting
2026-01-26T19:16:49.850+05:30  INFO 5785 --- [friendly_ecommerce] [OutputReader-stderr] o.s.boot.docker.compose.core.DockerCli   :  Container elasticsearch  Waiting
2026-01-26T19:16:49.851+05:30  INFO 5785 --- [friendly_ecommerce] [OutputReader-stderr] o.s.boot.docker.compose.core.DockerCli   :  Container kibana  Waiting
2026-01-26T19:16:49.851+05:30  INFO 5785 --- [friendly_ecommerce] [OutputReader-stderr] o.s.boot.docker.compose.core.DockerCli   :  Container logstash  Waiting
2026-01-26T19:16:50.354+05:30  INFO 5785 --- [friendly_ecommerce] [OutputReader-stderr] o.s.boot.docker.compose.core.DockerCli   :  Container friendly_ecommerce-mysql-1  Healthy
2026-01-26T19:16:50.355+05:30  INFO 5785 --- [friendly_ecommerce] [OutputReader-stderr] o.s.boot.docker.compose.core.DockerCli   :  Container sonarqube  Healthy
2026-01-26T19:16:50.356+05:30  INFO 5785 --- [friendly_ecommerce] [OutputReader-stderr] o.s.boot.docker.compose.core.DockerCli   :  Container kibana  Healthy
2026-01-26T19:16:50.357+05:30  INFO 5785 --- [friendly_ecommerce] [OutputReader-stderr] o.s.boot.docker.compose.core.DockerCli   :  Container elasticsearch  Healthy
2026-01-26T19:16:50.358+05:30  INFO 5785 --- [friendly_ecommerce] [OutputReader-stderr] o.s.boot.docker.compose.core.DockerCli   :  Container logstash  Healthy
2026-01-26T19:18:51.882+05:30 ERROR 5785 --- [friendly_ecommerce] [restartedMain] o.s.boot.SpringApplication               : Application run failed

org.springframework.boot.docker.compose.lifecycle.ReadinessTimeoutException: Readiness timeout of PT2M reached while waiting for services [logstash]
	at org.springframework.boot.docker.compose.lifecycle.ServiceReadinessChecks.waitUntilReady(ServiceReadinessChecks.java:83) ~[spring-boot-docker-compose-4.0.2.jar:4.0.2]
	at org.springframework.boot.docker.compose.lifecycle.DockerComposeLifecycleManager.start(DockerComposeLifecycleManager.java:145) ~[spring-boot-docker-compose-4.0.2.jar:4.0.2]
	at org.springframework.boot.docker.compose.lifecycle.DockerComposeListener.onApplicationEvent(DockerComposeListener.java:53) ~[spring-boot-docker-compose-4.0.2.jar:4.0.2]
	at org.springframework.boot.docker.compose.lifecycle.DockerComposeListener.onApplicationEvent(DockerComposeListener.java:35) ~[spring-boot-docker-compose-4.0.2.jar:4.0.2]
	at org.springframework.context.event.SimpleApplicationEventMulticaster.doInvokeListener(SimpleApplicationEventMulticaster.java:180) ~[spring-context-7.0.3.jar:7.0.3]
	at org.springframework.context.event.SimpleApplicationEventMulticaster.invokeListener(SimpleApplicationEventMulticaster.java:173) ~[spring-context-7.0.3.jar:7.0.3]
	at org.springframework.context.event.SimpleApplicationEventMulticaster.multicastEvent(SimpleApplicationEventMulticaster.java:151) ~[spring-context-7.0.3.jar:7.0.3]
	at org.springframework.context.event.SimpleApplicationEventMulticaster.multicastEvent(SimpleApplicationEventMulticaster.java:133) ~[spring-context-7.0.3.jar:7.0.3]
	at org.springframework.boot.context.event.EventPublishingRunListener.multicastInitialEvent(EventPublishingRunListener.java:137) ~[spring-boot-4.0.2.jar:4.0.2]
	at org.springframework.boot.context.event.EventPublishingRunListener.contextLoaded(EventPublishingRunListener.java:99) ~[spring-boot-4.0.2.jar:4.0.2]
	at org.springframework.boot.SpringApplicationRunListeners.lambda$contextLoaded$0(SpringApplicationRunListeners.java:74) ~[spring-boot-4.0.2.jar:4.0.2]
	at java.base/java.lang.Iterable.forEach(Iterable.java:75) ~[na:na]
	at org.springframework.boot.SpringApplicationRunListeners.doWithListeners(SpringApplicationRunListeners.java:123) ~[spring-boot-4.0.2.jar:4.0.2]
	at org.springframework.boot.SpringApplicationRunListeners.doWithListeners(SpringApplicationRunListeners.java:117) ~[spring-boot-4.0.2.jar:4.0.2]
	at org.springframework.boot.SpringApplicationRunListeners.contextLoaded(SpringApplicationRunListeners.java:74) ~[spring-boot-4.0.2.jar:4.0.2]
	at org.springframework.boot.SpringApplication.prepareContext(SpringApplication.java:418) ~[spring-boot-4.0.2.jar:4.0.2]
	at org.springframework.boot.SpringApplication.run(SpringApplication.java:320) ~[spring-boot-4.0.2.jar:4.0.2]
	at org.springframework.boot.SpringApplication.run(SpringApplication.java:1365) ~[spring-boot-4.0.2.jar:4.0.2]
	at org.springframework.boot.SpringApplication.run(SpringApplication.java:1354) ~[spring-boot-4.0.2.jar:4.0.2]
	at com.lnreddy.friendly_ecommerce.FriendlyEcommerceApplication.main(FriendlyEcommerceApplication.java:10) ~[classes/:na]
	at java.base/jdk.internal.reflect.DirectMethodHandleAccessor.invoke(DirectMethodHandleAccessor.java:103) ~[na:na]
	at java.base/java.lang.reflect.Method.invoke(Method.java:580) ~[na:na]
	at org.springframework.boot.devtools.restart.RestartLauncher.run(RestartLauncher.java:52) ~[spring-boot-devtools-4.0.2.jar:4.0.2]
	Suppressed: org.springframework.boot.docker.compose.lifecycle.ServiceNotReadyException: Immediate disconnect while connecting to port 5044
		at org.springframework.boot.docker.compose.lifecycle.TcpConnectServiceReadinessCheck.check(TcpConnectServiceReadinessCheck.java:71) ~[spring-boot-docker-compose-4.0.2.jar:4.0.2]
		at org.springframework.boot.docker.compose.lifecycle.TcpConnectServiceReadinessCheck.check(TcpConnectServiceReadinessCheck.java:58) ~[spring-boot-docker-compose-4.0.2.jar:4.0.2]
		at org.springframework.boot.docker.compose.lifecycle.TcpConnectServiceReadinessCheck.check(TcpConnectServiceReadinessCheck.java:48) ~[spring-boot-docker-compose-4.0.2.jar:4.0.2]
		at org.springframework.boot.docker.compose.lifecycle.ServiceReadinessChecks.check(ServiceReadinessChecks.java:97) ~[spring-boot-docker-compose-4.0.2.jar:4.0.2]
		at org.springframework.boot.docker.compose.lifecycle.ServiceReadinessChecks.waitUntilReady(ServiceReadinessChecks.java:77) ~[spring-boot-docker-compose-4.0.2.jar:4.0.2]
		... 22 common frames omitted

